# JRE version: OpenJDK Runtime Environment Temurin-21.0.12.1+1 (21.0.12.1+1) (build 21.0.12.1+1-LTS)
# Java VM: OpenJDK 64-Bit Server VM Temurin-21.0.12.1+1 (21.0.12.1+1-LTS, mixed mode, sharing, tiered, compressed oops, compressed class ptrs, parallel gc, windows-amd64)
GC Precious Log:
 CardTable entry size: 512
 CPUs: 8 total, 8 available
 Memory: 7379M
 Large Page Support: Disabled
 NUMA Support: Disabled
 Compressed Oops: Enabled (32-bit)
 Alignments: Space 512K, Generation 512K, Heap 2M
 Heap Min Capacity: 100M
 Heap Initial Capacity: 100M
 Heap Max Capacity: 2G
 Pre-touch: Disabled
 Parallel Workers: 8
Heap:
 PSYoungGen      total 4608K, used 3983K [0x00000000d5580000, 0x00000000d5c00000, 0x0000000100000000)
  eden space 4096K, 87% used [0x00000000d5580000,0x00000000d5903fd8,0x00000000d5980000)
  from space 512K, 75% used [0x00000000d5b00000,0x00000000d5b60020,0x00000000d5b80000)
  to   space 512K, 0% used [0x00000000d5b80000,0x00000000d5b80000,0x00000000d5c00000)
 ParOldGen       total 1134080K, used 193014K [0x0000000080000000, 0x00000000c5380000, 0x00000000d5580000)
  object space 1134080K, 17% used [0x0000000080000000,0x000000008bc7d868,0x00000000c5380000)
 Metaspace       used 70675K, committed 72576K, reserved 1114112K
  class space    used 7034K, committed 7872K, reserved 1048576K
GC Heap History (20 events):
Event: 13747.351 GC heap before
{Heap before GC invocations=544 (full 4):
 PSYoungGen      total 5120K, used 5024K [0x00000000d5580000, 0x00000000d5c80000, 0x0000000100000000)
  eden space 4096K, 100% used [0x00000000d5580000,0x00000000d5980000,0x00000000d5980000)
  from space 1024K, 90% used [0x00000000d5b00000,0x00000000d5be8000,0x00000000d5c00000)
  to   space 512K, 0% used [0x00000000d5c00000,0x00000000d5c00000,0x00000000d5c80000)
 ParOldGen       total 1134080K, used 189712K [0x0000000080000000, 0x00000000c5380000, 0x00000000d5580000)
  object space 1134080K, 16% used [0x0000000080000000,0x000000008b9440e8,0x00000000c5380000)
 Metaspace       used 70537K, committed 72448K, reserved 1114112K
  class space    used 7034K, committed 7872K, reserved 1048576K
}
Event: 13747.354 GC heap after
{Heap after GC invocations=544 (full 4):
 PSYoungGen      total 4608K, used 256K [0x00000000d5580000, 0x00000000d5c80000, 0x0000000100000000)
  eden space 4096K, 0% used [0x00000000d5580000,0x00000000d5580000,0x00000000d5980000)
  from space 512K, 50% used [0x00000000d5c00000,0x00000000d5c40000,0x00000000d5c80000)
  to   space 512K, 0% used [0x00000000d5b80000,0x00000000d5b80000,0x00000000d5c00000)
 ParOldGen       total 1134080K, used 190472K [0x0000000080000000, 0x00000000c5380000, 0x00000000d5580000)
  object space 1134080K, 16% used [0x0000000080000000,0x000000008ba02098,0x00000000c5380000)
 Metaspace       used 70537K, committed 72448K, reserved 1114112K
  class space    used 7034K, committed 7872K, reserved 1048576K
}
Event: 13747.975 GC heap before
{Heap before GC invocations=545 (full 4):
 PSYoungGen      total 4608K, used 4352K [0x00000000d5580000, 0x00000000d5c80000, 0x0000000100000000)
  eden space 4096K, 100% used [0x00000000d5580000,0x00000000d5980000,0x00000000d5980000)
  from space 512K, 50% used [0x00000000d5c00000,0x00000000d5c40000,0x00000000d5c80000)
  to   space 512K, 0% used [0x00000000d5b80000,0x00000000d5b80000,0x00000000d5c00000)
 ParOldGen       total 1134080K, used 190472K [0x0000000080000000, 0x00000000c5380000, 0x00000000d5580000)
  object space 1134080K, 16% used [0x0000000080000000,0x000000008ba02098,0x00000000c5380000)
 Metaspace       used 70543K, committed 72448K, reserved 1114112K
  class space    used 7034K, committed 7872K, reserved 1048576K
}
Event: 13747.980 GC heap after
{Heap after GC invocations=545 (full 4):
 PSYoungGen      total 4608K, used 506K [0x00000000d5580000, 0x00000000d5c80000, 0x0000000100000000)
  eden space 4096K, 0% used [0x00000000d5580000,0x00000000d5580000,0x00000000d5980000)
  from space 512K, 98% used [0x00000000d5b80000,0x00000000d5bfe900,0x00000000d5c00000)
  to   space 512K, 0% used [0x00000000d5c00000,0x00000000d5c00000,0x00000000d5c80000)
 ParOldGen       total 1134080K, used 190968K [0x0000000080000000, 0x00000000c5380000, 0x00000000d5580000)
  object space 1134080K, 16% used [0x0000000080000000,0x000000008ba7e0a8,0x00000000c5380000)
 Metaspace       used 70543K, committed 72448K, reserved 1114112K
  class space    used 7034K, committed 7872K, reserved 1048576K
}
Event: 13748.118 GC heap before
{Heap before GC invocations=546 (full 4):
 PSYoungGen      total 4608K, used 4602K [0x00000000d5580000, 0x00000000d5c80000, 0x0000000100000000)
  eden space 4096K, 100% used [0x00000000d5580000,0x00000000d5980000,0x00000000d5980000)
  from space 512K, 98% used [0x00000000d5b80000,0x00000000d5bfe900,0x00000000d5c00000)
  to   space 512K, 0% used [0x00000000d5c00000,0x00000000d5c00000,0x00000000d5c80000)
 ParOldGen       total 1134080K, used 190968K [0x0000000080000000, 0x00000000c5380000, 0x00000000d5580000)
  object space 1134080K, 16% used [0x0000000080000000,0x000000008ba7e0a8,0x00000000c5380000)
 Metaspace       used 70555K, committed 72448K, reserved 1114112K
  class space    used 7034K, committed 7872K, reserved 1048576K
}
Event: 13748.121 GC heap after
{Heap after GC invocations=546 (full 4):
 PSYoungGen      total 4608K, used 500K [0x00000000d5580000, 0x00000000d5d80000, 0x0000000100000000)
  eden space 4096K, 0% used [0x00000000d5580000,0x00000000d5580000,0x00000000d5980000)
  from space 512K, 97% used [0x00000000d5c00000,0x00000000d5c7d200,0x00000000d5c80000)
  to   space 2048K, 0% used [0x00000000d5980000,0x00000000d5980000,0x00000000d5b80000)
 ParOldGen       total 1134080K, used 191989K [0x0000000080000000, 0x00000000c5380000, 0x00000000d5580000)
  object space 1134080K, 16% used [0x0000000080000000,0x000000008bb7d510,0x00000000c5380000)
 Metaspace       used 70555K, committed 72448K, reserved 1114112K
  class space    used 7034K, committed 7872K, reserved 1048576K
}
Event: 14142.664 GC heap before
{Heap before GC invocations=547 (full 4):
 PSYoungGen      total 4608K, used 4596K [0x00000000d5580000, 0x00000000d5d80000, 0x0000000100000000)
  eden space 4096K, 99% used [0x00000000d5580000,0x00000000d597ff58,0x00000000d5980000)
  from space 512K, 97% used [0x00000000d5c00000,0x00000000d5c7d200,0x00000000d5c80000)
  to   space 2048K, 0% used [0x00000000d5980000,0x00000000d5980000,0x00000000d5b80000)
 ParOldGen       total 1134080K, used 191989K [0x0000000080000000, 0x00000000c5380000, 0x00000000d5580000)
  object space 1134080K, 16% used [0x0000000080000000,0x000000008bb7d510,0x00000000c5380000)
 Metaspace       used 70574K, committed 72512K, reserved 1114112K
  class space    used 7034K, committed 7872K, reserved 1048576K
}
Event: 14142.806 GC heap after
{Heap after GC invocations=547 (full 4):
 PSYoungGen      total 6144K, used 480K [0x00000000d5580000, 0x00000000d5c80000, 0x0000000100000000)
  eden space 4096K, 0% used [0x00000000d5580000,0x00000000d5580000,0x00000000d5980000)
  from space 2048K, 23% used [0x00000000d5980000,0x00000000d59f8000,0x00000000d5b80000)
  to   space 1024K, 0% used [0x00000000d5b80000,0x00000000d5b80000,0x00000000d5c80000)
 ParOldGen       total 1134080K, used 192488K [0x0000000080000000, 0x00000000c5380000, 0x00000000d5580000)
  object space 1134080K, 16% used [0x0000000080000000,0x000000008bbfa0e8,0x00000000c5380000)
 Metaspace       used 70574K, committed 72512K, reserved 1114112K
  class space    used 7034K, committed 7872K, reserved 1048576K
}
Event: 14442.495 GC heap before
{Heap before GC invocations=548 (full 4):
 PSYoungGen      total 6144K, used 4576K [0x00000000d5580000, 0x00000000d5c80000, 0x0000000100000000)
  eden space 4096K, 100% used [0x00000000d5580000,0x00000000d5980000,0x00000000d5980000)
  from space 2048K, 23% used [0x00000000d5980000,0x00000000d59f8000,0x00000000d5b80000)
  to   space 1024K, 0% used [0x00000000d5b80000,0x00000000d5b80000,0x00000000d5c80000)
 ParOldGen       total 1134080K, used 192488K [0x0000000080000000, 0x00000000c5380000, 0x00000000d5580000)
  object space 1134080K, 16% used [0x0000000080000000,0x000000008bbfa0e8,0x00000000c5380000)
 Metaspace       used 70619K, committed 72576K, reserved 1114112K
  class space    used 7034K, committed 7872K, reserved 1048576K
}
Event: 14442.544 GC heap after
{Heap after GC invocations=548 (full 4):
 PSYoungGen      total 4608K, used 304K [0x00000000d5580000, 0x00000000d5c00000, 0x0000000100000000)
  eden space 4096K, 0% used [0x00000000d5580000,0x00000000d5580000,0x00000000d5980000)
  from space 512K, 59% used [0x00000000d5b80000,0x00000000d5bcc010,0x00000000d5c00000)
  to   space 512K, 0% used [0x00000000d5b00000,0x00000000d5b00000,0x00000000d5b80000)
 ParOldGen       total 1134080K, used 192726K [0x0000000080000000, 0x00000000c5380000, 0x00000000d5580000)
  object space 1134080K, 16% used [0x0000000080000000,0x000000008bc35868,0x00000000c5380000)
 Metaspace       used 70619K, committed 72576K, reserved 1114112K
  class space    used 7034K, committed 7872K, reserved 1048576K
}
Event: 14850.039 GC heap before
{Heap before GC invocations=549 (full 4):
 PSYoungGen      total 4608K, used 4400K [0x00000000d5580000, 0x00000000d5c00000, 0x0000000100000000)
  eden space 4096K, 100% used [0x00000000d5580000,0x00000000d5980000,0x00000000d5980000)
  from space 512K, 59% used [0x00000000d5b80000,0x00000000d5bcc010,0x00000000d5c00000)
  to   space 512K, 0% used [0x00000000d5b00000,0x00000000d5b00000,0x00000000d5b80000)
 ParOldGen       total 1134080K, used 192726K [0x0000000080000000, 0x00000000c5380000, 0x00000000d5580000)
  object space 1134080K, 16% used [0x0000000080000000,0x000000008bc35868,0x00000000c5380000)
 Metaspace       used 70625K, committed 72576K, reserved 1114112K
  class space    used 7034K, committed 7872K, reserved 1048576K
}
Event: 14850.091 GC heap after
{Heap after GC invocations=549 (full 4):
 PSYoungGen      total 4608K, used 352K [0x00000000d5580000, 0x00000000d5c00000, 0x0000000100000000)
  eden space 4096K, 0% used [0x00000000d5580000,0x00000000d5580000,0x00000000d5980000)
  from space 512K, 68% used [0x00000000d5b00000,0x00000000d5b58000,0x00000000d5b80000)
  to   space 512K, 0% used [0x00000000d5b80000,0x00000000d5b80000,0x00000000d5c00000)
 ParOldGen       total 1134080K, used 192758K [0x0000000080000000, 0x00000000c5380000, 0x00000000d5580000)
  object space 1134080K, 16% used [0x0000000080000000,0x000000008bc3d868,0x00000000c5380000)
 Metaspace       used 70625K, committed 72576K, reserved 1114112K
  class space    used 7034K, committed 7872K, reserved 1048576K
}
Event: 14885.422 GC heap before
{Heap before GC invocations=550 (full 4):
 PSYoungGen      total 4608K, used 4448K [0x00000000d5580000, 0x00000000d5c00000, 0x0000000100000000)
  eden space 4096K, 100% used [0x00000000d5580000,0x00000000d5980000,0x00000000d5980000)
  from space 512K, 68% used [0x00000000d5b00000,0x00000000d5b58000,0x00000000d5b80000)
  to   space 512K, 0% used [0x00000000d5b80000,0x00000000d5b80000,0x00000000d5c00000)
 ParOldGen       total 1134080K, used 192758K [0x0000000080000000, 0x00000000c5380000, 0x00000000d5580000)
  object space 1134080K, 16% used [0x0000000080000000,0x000000008bc3d868,0x00000000c5380000)
 Metaspace       used 70639K, committed 72576K, reserved 1114112K
  class space    used 7034K, committed 7872K, reserved 1048576K
}
Event: 14885.445 GC heap after
{Heap after GC invocations=550 (full 4):
 PSYoungGen      total 4608K, used 320K [0x00000000d5580000, 0x00000000d5c00000, 0x0000000100000000)
  eden space 4096K, 0% used [0x00000000d5580000,0x00000000d5580000,0x00000000d5980000)
  from space 512K, 62% used [0x00000000d5b80000,0x00000000d5bd0000,0x00000000d5c00000)
  to   space 512K, 0% used [0x00000000d5b00000,0x00000000d5b00000,0x00000000d5b80000)
 ParOldGen       total 1134080K, used 192814K [0x0000000080000000, 0x00000000c5380000, 0x00000000d5580000)
  object space 1134080K, 17% used [0x0000000080000000,0x000000008bc4b868,0x00000000c5380000)
 Metaspace       used 70639K, committed 72576K, reserved 1114112K
  class space    used 7034K, committed 7872K, reserved 1048576K
}
Event: 14900.542 GC heap before
{Heap before GC invocations=551 (full 4):
 PSYoungGen      total 4608K, used 4416K [0x00000000d5580000, 0x00000000d5c00000, 0x0000000100000000)
  eden space 4096K, 100% used [0x00000000d5580000,0x00000000d5980000,0x00000000d5980000)
  from space 512K, 62% used [0x00000000d5b80000,0x00000000d5bd0000,0x00000000d5c00000)
  to   space 512K, 0% used [0x00000000d5b00000,0x00000000d5b00000,0x00000000d5b80000)
 ParOldGen       total 1134080K, used 192814K [0x0000000080000000, 0x00000000c5380000, 0x00000000d5580000)
  object space 1134080K, 17% used [0x0000000080000000,0x000000008bc4b868,0x00000000c5380000)
 Metaspace       used 70649K, committed 72576K, reserved 1114112K
  class space    used 7034K, committed 7872K, reserved 1048576K
}
Event: 14900.554 GC heap after
{Heap after GC invocations=551 (full 4):
 PSYoungGen      total 4608K, used 288K [0x00000000d5580000, 0x00000000d5c00000, 0x0000000100000000)
  eden space 4096K, 0% used [0x00000000d5580000,0x00000000d5580000,0x00000000d5980000)
  from space 512K, 56% used [0x00000000d5b00000,0x00000000d5b48000,0x00000000d5b80000)
  to   space 512K, 0% used [0x00000000d5b80000,0x00000000d5b80000,0x00000000d5c00000)
 ParOldGen       total 1134080K, used 192854K [0x0000000080000000, 0x00000000c5380000, 0x00000000d5580000)
  object space 1134080K, 17% used [0x0000000080000000,0x000000008bc55868,0x00000000c5380000)
 Metaspace       used 70649K, committed 72576K, reserved 1114112K
  class space    used 7034K, committed 7872K, reserved 1048576K
}
Event: 15171.919 GC heap before
{Heap before GC invocations=552 (full 4):
 PSYoungGen      total 4608K, used 4384K [0x00000000d5580000, 0x00000000d5c00000, 0x0000000100000000)
  eden space 4096K, 100% used [0x00000000d5580000,0x00000000d5980000,0x00000000d5980000)
  from space 512K, 56% used [0x00000000d5b00000,0x00000000d5b48000,0x00000000d5b80000)
  to   space 512K, 0% used [0x00000000d5b80000,0x00000000d5b80000,0x00000000d5c00000)
 ParOldGen       total 1134080K, used 192854K [0x0000000080000000, 0x00000000c5380000, 0x00000000d5580000)
  object space 1134080K, 17% used [0x0000000080000000,0x000000008bc55868,0x00000000c5380000)
 Metaspace       used 70657K, committed 72576K, reserved 1114112K
  class space    used 7034K, committed 7872K, reserved 1048576K
}
Event: 15172.002 GC heap after
{Heap after GC invocations=552 (full 4):
 PSYoungGen      total 4608K, used 352K [0x00000000d5580000, 0x00000000d5c00000, 0x0000000100000000)
  eden space 4096K, 0% used [0x00000000d5580000,0x00000000d5580000,0x00000000d5980000)
  from space 512K, 68% used [0x00000000d5b80000,0x00000000d5bd8000,0x00000000d5c00000)
  to   space 512K, 0% used [0x00000000d5b00000,0x00000000d5b00000,0x00000000d5b80000)
 ParOldGen       total 1134080K, used 192902K [0x0000000080000000, 0x00000000c5380000, 0x00000000d5580000)
  object space 1134080K, 17% used [0x0000000080000000,0x000000008bc61868,0x00000000c5380000)
 Metaspace       used 70657K, committed 72576K, reserved 1114112K
  class space    used 7034K, committed 7872K, reserved 1048576K
}
Event: 15203.897 GC heap before
{Heap before GC invocations=553 (full 4):
 PSYoungGen      total 4608K, used 4444K [0x00000000d5580000, 0x00000000d5c00000, 0x0000000100000000)
  eden space 4096K, 99% used [0x00000000d5580000,0x00000000d597f288,0x00000000d5980000)
  from space 512K, 68% used [0x00000000d5b80000,0x00000000d5bd8000,0x00000000d5c00000)
  to   space 512K, 0% used [0x00000000d5b00000,0x00000000d5b00000,0x00000000d5b80000)
 ParOldGen       total 1134080K, used 192902K [0x0000000080000000, 0x00000000c5380000, 0x00000000d5580000)
  object space 1134080K, 17% used [0x0000000080000000,0x000000008bc61868,0x00000000c5380000)
 Metaspace       used 70669K, committed 72576K, reserved 1114112K
  class space    used 7034K, committed 7872K, reserved 1048576K
}
Event: 15203.906 GC heap after
{Heap after GC invocations=553 (full 4):
 PSYoungGen      total 4608K, used 384K [0x00000000d5580000, 0x00000000d5c00000, 0x0000000100000000)
  eden space 4096K, 0% used [0x00000000d5580000,0x00000000d5580000,0x00000000d5980000)
  from space 512K, 75% used [0x00000000d5b00000,0x00000000d5b60020,0x00000000d5b80000)
  to   space 512K, 0% used [0x00000000d5b80000,0x00000000d5b80000,0x00000000d5c00000)
 ParOldGen       total 1134080K, used 193014K [0x0000000080000000, 0x00000000c5380000, 0x00000000d5580000)
  object space 1134080K, 17% used [0x0000000080000000,0x000000008bc7d868,0x00000000c5380000)
 Metaspace       used 70669K, committed 72576K, reserved 1114112K
  class space    used 7034K, committed 7872K, reserved 1048576K
}

