# JRE version: OpenJDK Runtime Environment Temurin-21.0.11+10 (21.0.11+10) (build 21.0.11+10-LTS)
# Java VM: OpenJDK 64-Bit Server VM Temurin-21.0.11+10 (21.0.11+10-LTS, mixed mode, sharing, tiered, compressed oops, compressed class ptrs, parallel gc, windows-amd64)
GC Precious Log:
 CardTable entry size: 512
 CPUs: 8 total, 8 available
 Memory: 7379M
 Large Page Support: Disabled
 NUMA Support: Disabled
 Compressed Oops: Enabled (32-bit)
 Alignments: Space 512K, Generation 512K, Heap 2M
 Heap Min Capacity: 100M
 Heap Initial Capacity: 100M
 Heap Max Capacity: 2G
 Pre-touch: Disabled
 Parallel Workers: 8
Heap:
 PSYoungGen      total 23552K, used 11958K [0x00000000d5580000, 0x00000000d7300000, 0x0000000100000000)
  eden space 17920K, 36% used [0x00000000d5580000,0x00000000d5bcfb00,0x00000000d6700000)
  from space 5632K, 97% used [0x00000000d6700000,0x00000000d6c5dd80,0x00000000d6c80000)
  to   space 6144K, 0% used [0x00000000d6d00000,0x00000000d6d00000,0x00000000d7300000)
 ParOldGen       total 68608K, used 27264K [0x0000000080000000, 0x0000000084300000, 0x00000000d5580000)
  object space 68608K, 39% used [0x0000000080000000,0x0000000081aa0248,0x0000000084300000)
 Metaspace       used 42580K, committed 43840K, reserved 1114112K
  class space    used 4601K, committed 5184K, reserved 1048576K
GC Heap History (20 events):
Event: 9.790 GC heap before
{Heap before GC invocations=10 (full 1):
 PSYoungGen      total 25600K, used 25135K [0x00000000d5580000, 0x00000000d7400000, 0x0000000100000000)
  eden space 24064K, 100% used [0x00000000d5580000,0x00000000d6d00000,0x00000000d6d00000)
  from space 1536K, 69% used [0x00000000d7280000,0x00000000d738bc90,0x00000000d7400000)
  to   space 2560K, 0% used [0x00000000d6f00000,0x00000000d6f00000,0x00000000d7180000)
 ParOldGen       total 68608K, used 13211K [0x0000000080000000, 0x0000000084300000, 0x00000000d5580000)
  object space 68608K, 19% used [0x0000000080000000,0x0000000080ce6f60,0x0000000084300000)
 Metaspace       used 26318K, committed 27328K, reserved 1114112K
  class space    used 2660K, committed 3072K, reserved 1048576K
}
Event: 9.792 GC heap after
{Heap after GC invocations=10 (full 1):
 PSYoungGen      total 25088K, used 1534K [0x00000000d5580000, 0x00000000d7300000, 0x0000000100000000)
  eden space 23552K, 0% used [0x00000000d5580000,0x00000000d5580000,0x00000000d6c80000)
  from space 1536K, 99% used [0x00000000d6f00000,0x00000000d707fb20,0x00000000d7080000)
  to   space 2048K, 0% used [0x00000000d7100000,0x00000000d7100000,0x00000000d7300000)
 ParOldGen       total 68608K, used 13211K [0x0000000080000000, 0x0000000084300000, 0x00000000d5580000)
  object space 68608K, 19% used [0x0000000080000000,0x0000000080ce6f60,0x0000000084300000)
 Metaspace       used 26318K, committed 27328K, reserved 1114112K
  class space    used 2660K, committed 3072K, reserved 1048576K
}
Event: 10.289 GC heap before
{Heap before GC invocations=11 (full 1):
 PSYoungGen      total 25088K, used 25086K [0x00000000d5580000, 0x00000000d7300000, 0x0000000100000000)
  eden space 23552K, 100% used [0x00000000d5580000,0x00000000d6c80000,0x00000000d6c80000)
  from space 1536K, 99% used [0x00000000d6f00000,0x00000000d707fb20,0x00000000d7080000)
  to   space 2048K, 0% used [0x00000000d7100000,0x00000000d7100000,0x00000000d7300000)
 ParOldGen       total 68608K, used 13211K [0x0000000080000000, 0x0000000084300000, 0x00000000d5580000)
  object space 68608K, 19% used [0x0000000080000000,0x0000000080ce6f60,0x0000000084300000)
 Metaspace       used 27767K, committed 28736K, reserved 1114112K
  class space    used 2774K, committed 3136K, reserved 1048576K
}
Event: 10.292 GC heap after
{Heap after GC invocations=11 (full 1):
 PSYoungGen      total 25088K, used 1691K [0x00000000d5580000, 0x00000000d7300000, 0x0000000100000000)
  eden space 23040K, 0% used [0x00000000d5580000,0x00000000d5580000,0x00000000d6c00000)
  from space 2048K, 82% used [0x00000000d7100000,0x00000000d72a6da0,0x00000000d7300000)
  to   space 2048K, 0% used [0x00000000d6f00000,0x00000000d6f00000,0x00000000d7100000)
 ParOldGen       total 68608K, used 14898K [0x0000000080000000, 0x0000000084300000, 0x00000000d5580000)
  object space 68608K, 21% used [0x0000000080000000,0x0000000080e8c808,0x0000000084300000)
 Metaspace       used 27767K, committed 28736K, reserved 1114112K
  class space    used 2774K, committed 3136K, reserved 1048576K
}
Event: 10.665 GC heap before
{Heap before GC invocations=12 (full 1):
 PSYoungGen      total 25088K, used 24731K [0x00000000d5580000, 0x00000000d7300000, 0x0000000100000000)
  eden space 23040K, 100% used [0x00000000d5580000,0x00000000d6c00000,0x00000000d6c00000)
  from space 2048K, 82% used [0x00000000d7100000,0x00000000d72a6da0,0x00000000d7300000)
  to   space 2048K, 0% used [0x00000000d6f00000,0x00000000d6f00000,0x00000000d7100000)
 ParOldGen       total 68608K, used 14898K [0x0000000080000000, 0x0000000084300000, 0x00000000d5580000)
  object space 68608K, 21% used [0x0000000080000000,0x0000000080e8c808,0x0000000084300000)
 Metaspace       used 31356K, committed 32384K, reserved 1114112K
  class space    used 3186K, committed 3584K, reserved 1048576K
}
Event: 10.668 GC heap after
{Heap after GC invocations=12 (full 1):
 PSYoungGen      total 24576K, used 1548K [0x00000000d5580000, 0x00000000d7180000, 0x0000000100000000)
  eden space 22528K, 0% used [0x00000000d5580000,0x00000000d5580000,0x00000000d6b80000)
  from space 2048K, 75% used [0x00000000d6f00000,0x00000000d70831a0,0x00000000d7100000)
  to   space 512K, 0% used [0x00000000d7100000,0x00000000d7100000,0x00000000d7180000)
 ParOldGen       total 68608K, used 16457K [0x0000000080000000, 0x0000000084300000, 0x00000000d5580000)
  object space 68608K, 23% used [0x0000000080000000,0x0000000081012548,0x0000000084300000)
 Metaspace       used 31356K, committed 32384K, reserved 1114112K
  class space    used 3186K, committed 3584K, reserved 1048576K
}
Event: 10.982 GC heap before
{Heap before GC invocations=13 (full 1):
 PSYoungGen      total 24576K, used 24076K [0x00000000d5580000, 0x00000000d7180000, 0x0000000100000000)
  eden space 22528K, 100% used [0x00000000d5580000,0x00000000d6b80000,0x00000000d6b80000)
  from space 2048K, 75% used [0x00000000d6f00000,0x00000000d70831a0,0x00000000d7100000)
  to   space 512K, 0% used [0x00000000d7100000,0x00000000d7100000,0x00000000d7180000)
 ParOldGen       total 68608K, used 16457K [0x0000000080000000, 0x0000000084300000, 0x00000000d5580000)
  object space 68608K, 23% used [0x0000000080000000,0x0000000081012548,0x0000000084300000)
 Metaspace       used 33418K, committed 34560K, reserved 1114112K
  class space    used 3466K, committed 3968K, reserved 1048576K
}
Event: 10.985 GC heap after
{Heap after GC invocations=13 (full 1):
 PSYoungGen      total 22528K, used 505K [0x00000000d5580000, 0x00000000d7180000, 0x0000000100000000)
  eden space 22016K, 0% used [0x00000000d5580000,0x00000000d5580000,0x00000000d6b00000)
  from space 512K, 98% used [0x00000000d7100000,0x00000000d717e660,0x00000000d7180000)
  to   space 3072K, 0% used [0x00000000d6b80000,0x00000000d6b80000,0x00000000d6e80000)
 ParOldGen       total 68608K, used 18658K [0x0000000080000000, 0x0000000084300000, 0x00000000d5580000)
  object space 68608K, 27% used [0x0000000080000000,0x0000000081238a50,0x0000000084300000)
 Metaspace       used 33418K, committed 34560K, reserved 1114112K
  class space    used 3466K, committed 3968K, reserved 1048576K
}
Event: 11.057 GC heap before
{Heap before GC invocations=14 (full 1):
 PSYoungGen      total 22528K, used 12681K [0x00000000d5580000, 0x00000000d7180000, 0x0000000100000000)
  eden space 22016K, 55% used [0x00000000d5580000,0x00000000d6164060,0x00000000d6b00000)
  from space 512K, 98% used [0x00000000d7100000,0x00000000d717e660,0x00000000d7180000)
  to   space 3072K, 0% used [0x00000000d6b80000,0x00000000d6b80000,0x00000000d6e80000)
 ParOldGen       total 68608K, used 18658K [0x0000000080000000, 0x0000000084300000, 0x00000000d5580000)
  object space 68608K, 27% used [0x0000000080000000,0x0000000081238a50,0x0000000084300000)
 Metaspace       used 34622K, committed 35840K, reserved 1114112K
  class space    used 3608K, committed 4096K, reserved 1048576K
}
Event: 11.060 GC heap after
{Heap after GC invocations=14 (full 1):
 PSYoungGen      total 25088K, used 843K [0x00000000d5580000, 0x00000000d7180000, 0x0000000100000000)
  eden space 22016K, 0% used [0x00000000d5580000,0x00000000d5580000,0x00000000d6b00000)
  from space 3072K, 27% used [0x00000000d6b80000,0x00000000d6c52f48,0x00000000d6e80000)
  to   space 1536K, 0% used [0x00000000d7000000,0x00000000d7000000,0x00000000d7180000)
 ParOldGen       total 68608K, used 19175K [0x0000000080000000, 0x0000000084300000, 0x00000000d5580000)
  object space 68608K, 27% used [0x0000000080000000,0x00000000812b9e70,0x0000000084300000)
 Metaspace       used 34622K, committed 35840K, reserved 1114112K
  class space    used 3608K, committed 4096K, reserved 1048576K
}
Event: 11.060 GC heap before
{Heap before GC invocations=15 (full 2):
 PSYoungGen      total 25088K, used 843K [0x00000000d5580000, 0x00000000d7180000, 0x0000000100000000)
  eden space 22016K, 0% used [0x00000000d5580000,0x00000000d5580000,0x00000000d6b00000)
  from space 3072K, 27% used [0x00000000d6b80000,0x00000000d6c52f48,0x00000000d6e80000)
  to   space 1536K, 0% used [0x00000000d7000000,0x00000000d7000000,0x00000000d7180000)
 ParOldGen       total 68608K, used 19175K [0x0000000080000000, 0x0000000084300000, 0x00000000d5580000)
  object space 68608K, 27% used [0x0000000080000000,0x00000000812b9e70,0x0000000084300000)
 Metaspace       used 34622K, committed 35840K, reserved 1114112K
  class space    used 3608K, committed 4096K, reserved 1048576K
}
Event: 11.100 GC heap after
{Heap after GC invocations=15 (full 2):
 PSYoungGen      total 25088K, used 0K [0x00000000d5580000, 0x00000000d7180000, 0x0000000100000000)
  eden space 22016K, 0% used [0x00000000d5580000,0x00000000d5580000,0x00000000d6b00000)
  from space 3072K, 0% used [0x00000000d6b80000,0x00000000d6b80000,0x00000000d6e80000)
  to   space 1536K, 0% used [0x00000000d7000000,0x00000000d7000000,0x00000000d7180000)
 ParOldGen       total 68608K, used 18863K [0x0000000080000000, 0x0000000084300000, 0x00000000d5580000)
  object space 68608K, 27% used [0x0000000080000000,0x000000008126beb8,0x0000000084300000)
 Metaspace       used 34622K, committed 35840K, reserved 1114112K
  class space    used 3608K, committed 4096K, reserved 1048576K
}
Event: 11.342 GC heap before
{Heap before GC invocations=16 (full 2):
 PSYoungGen      total 25088K, used 22016K [0x00000000d5580000, 0x00000000d7180000, 0x0000000100000000)
  eden space 22016K, 100% used [0x00000000d5580000,0x00000000d6b00000,0x00000000d6b00000)
  from space 3072K, 0% used [0x00000000d6b80000,0x00000000d6b80000,0x00000000d6e80000)
  to   space 1536K, 0% used [0x00000000d7000000,0x00000000d7000000,0x00000000d7180000)
 ParOldGen       total 68608K, used 18863K [0x0000000080000000, 0x0000000084300000, 0x00000000d5580000)
  object space 68608K, 27% used [0x0000000080000000,0x000000008126beb8,0x0000000084300000)
 Metaspace       used 36723K, committed 37888K, reserved 1114112K
  class space    used 3875K, committed 4352K, reserved 1048576K
}
Event: 11.345 GC heap after
{Heap after GC invocations=16 (full 2):
 PSYoungGen      total 23552K, used 1520K [0x00000000d5580000, 0x00000000d7180000, 0x0000000100000000)
  eden space 22016K, 0% used [0x00000000d5580000,0x00000000d5580000,0x00000000d6b00000)
  from space 1536K, 98% used [0x00000000d7000000,0x00000000d717c010,0x00000000d7180000)
  to   space 3072K, 0% used [0x00000000d6b80000,0x00000000d6b80000,0x00000000d6e80000)
 ParOldGen       total 68608K, used 19791K [0x0000000080000000, 0x0000000084300000, 0x00000000d5580000)
  object space 68608K, 28% used [0x0000000080000000,0x0000000081353eb8,0x0000000084300000)
 Metaspace       used 36723K, committed 37888K, reserved 1114112K
  class space    used 3875K, committed 4352K, reserved 1048576K
}
Event: 11.643 GC heap before
{Heap before GC invocations=17 (full 2):
 PSYoungGen      total 23552K, used 23536K [0x00000000d5580000, 0x00000000d7180000, 0x0000000100000000)
  eden space 22016K, 99% used [0x00000000d5580000,0x00000000d6affff0,0x00000000d6b00000)
  from space 1536K, 98% used [0x00000000d7000000,0x00000000d717c010,0x00000000d7180000)
  to   space 3072K, 0% used [0x00000000d6b80000,0x00000000d6b80000,0x00000000d6e80000)
 ParOldGen       total 68608K, used 19791K [0x0000000080000000, 0x0000000084300000, 0x00000000d5580000)
  object space 68608K, 28% used [0x0000000080000000,0x0000000081353ed8,0x0000000084300000)
 Metaspace       used 38826K, committed 40128K, reserved 1114112K
  class space    used 4129K, committed 4672K, reserved 1048576K
}
Event: 11.648 GC heap after
{Heap after GC invocations=17 (full 2):
 PSYoungGen      total 25088K, used 1264K [0x00000000d5580000, 0x00000000d7080000, 0x0000000100000000)
  eden space 22016K, 0% used [0x00000000d5580000,0x00000000d5580000,0x00000000d6b00000)
  from space 3072K, 41% used [0x00000000d6b80000,0x00000000d6cbc010,0x00000000d6e80000)
  to   space 2048K, 0% used [0x00000000d6e80000,0x00000000d6e80000,0x00000000d7080000)
 ParOldGen       total 68608K, used 21238K [0x0000000080000000, 0x0000000084300000, 0x00000000d5580000)
  object space 68608K, 30% used [0x0000000080000000,0x00000000814bdb70,0x0000000084300000)
 Metaspace       used 38826K, committed 40128K, reserved 1114112K
  class space    used 4129K, committed 4672K, reserved 1048576K
}
Event: 12.179 GC heap before
{Heap before GC invocations=18 (full 2):
 PSYoungGen      total 25088K, used 23280K [0x00000000d5580000, 0x00000000d7080000, 0x0000000100000000)
  eden space 22016K, 100% used [0x00000000d5580000,0x00000000d6b00000,0x00000000d6b00000)
  from space 3072K, 41% used [0x00000000d6b80000,0x00000000d6cbc010,0x00000000d6e80000)
  to   space 2048K, 0% used [0x00000000d6e80000,0x00000000d6e80000,0x00000000d7080000)
 ParOldGen       total 68608K, used 21242K [0x0000000080000000, 0x0000000084300000, 0x00000000d5580000)
  object space 68608K, 30% used [0x0000000080000000,0x00000000814bebd8,0x0000000084300000)
 Metaspace       used 40425K, committed 41728K, reserved 1114112K
  class space    used 4321K, committed 4928K, reserved 1048576K
}
Event: 12.184 GC heap after
{Heap after GC invocations=18 (full 2):
 PSYoungGen      total 19968K, used 2023K [0x00000000d5580000, 0x00000000d7a00000, 0x0000000100000000)
  eden space 17920K, 0% used [0x00000000d5580000,0x00000000d5580000,0x00000000d6700000)
  from space 2048K, 98% used [0x00000000d6e80000,0x00000000d7079f90,0x00000000d7080000)
  to   space 7680K, 0% used [0x00000000d6700000,0x00000000d6700000,0x00000000d6e80000)
 ParOldGen       total 68608K, used 25676K [0x0000000080000000, 0x0000000084300000, 0x00000000d5580000)
  object space 68608K, 37% used [0x0000000080000000,0x0000000081913128,0x0000000084300000)
 Metaspace       used 40425K, committed 41728K, reserved 1114112K
  class space    used 4321K, committed 4928K, reserved 1048576K
}
Event: 12.637 GC heap before
{Heap before GC invocations=19 (full 2):
 PSYoungGen      total 19968K, used 19943K [0x00000000d5580000, 0x00000000d7a00000, 0x0000000100000000)
  eden space 17920K, 100% used [0x00000000d5580000,0x00000000d6700000,0x00000000d6700000)
  from space 2048K, 98% used [0x00000000d6e80000,0x00000000d7079f90,0x00000000d7080000)
  to   space 7680K, 0% used [0x00000000d6700000,0x00000000d6700000,0x00000000d6e80000)
 ParOldGen       total 68608K, used 25676K [0x0000000080000000, 0x0000000084300000, 0x00000000d5580000)
  object space 68608K, 37% used [0x0000000080000000,0x0000000081913128,0x0000000084300000)
 Metaspace       used 41833K, committed 43072K, reserved 1114112K
  class space    used 4506K, committed 5056K, reserved 1048576K
}
Event: 12.641 GC heap after
{Heap after GC invocations=19 (full 2):
 PSYoungGen      total 23552K, used 5495K [0x00000000d5580000, 0x00000000d7300000, 0x0000000100000000)
  eden space 17920K, 0% used [0x00000000d5580000,0x00000000d5580000,0x00000000d6700000)
  from space 5632K, 97% used [0x00000000d6700000,0x00000000d6c5dd80,0x00000000d6c80000)
  to   space 6144K, 0% used [0x00000000d6d00000,0x00000000d6d00000,0x00000000d7300000)
 ParOldGen       total 68608K, used 27264K [0x0000000080000000, 0x0000000084300000, 0x00000000d5580000)
  object space 68608K, 39% used [0x0000000080000000,0x0000000081aa0248,0x0000000084300000)
 Metaspace       used 41833K, committed 43072K, reserved 1114112K
  class space    used 4506K, committed 5056K, reserved 1048576K
}

