# JRE version: OpenJDK Runtime Environment Temurin-21.0.11+10 (21.0.11+10) (build 21.0.11+10-LTS)
# Java VM: OpenJDK 64-Bit Server VM Temurin-21.0.11+10 (21.0.11+10-LTS, mixed mode, sharing, tiered, compressed oops, compressed class ptrs, parallel gc, windows-amd64)
GC Precious Log:
 CardTable entry size: 512
 CPUs: 8 total, 8 available
 Memory: 7379M
 Large Page Support: Disabled
 NUMA Support: Disabled
 Compressed Oops: Enabled (32-bit)
 Alignments: Space 512K, Generation 512K, Heap 2M
 Heap Min Capacity: 100M
 Heap Initial Capacity: 100M
 Heap Max Capacity: 2G
 Pre-touch: Disabled
 Parallel Workers: 8
Heap:
 PSYoungGen      total 20480K, used 9464K [0x00000000d5580000, 0x00000000d6b80000, 0x0000000100000000)
  eden space 19456K, 43% used [0x00000000d5580000,0x00000000d5dbeb88,0x00000000d6880000)
  from space 1024K, 99% used [0x00000000d6980000,0x00000000d6a7f838,0x00000000d6a80000)
  to   space 1024K, 0% used [0x00000000d6a80000,0x00000000d6a80000,0x00000000d6b80000)
 ParOldGen       total 68608K, used 53403K [0x0000000080000000, 0x0000000084300000, 0x00000000d5580000)
  object space 68608K, 77% used [0x0000000080000000,0x0000000083426d60,0x0000000084300000)
 Metaspace       used 64668K, committed 66112K, reserved 1114112K
  class space    used 6960K, committed 7552K, reserved 1048576K
GC Heap History (20 events):
Event: 26.341 GC heap before
{Heap before GC invocations=49 (full 2):
 PSYoungGen      total 19968K, used 19892K [0x00000000d5580000, 0x00000000d6a80000, 0x0000000100000000)
  eden space 19456K, 100% used [0x00000000d5580000,0x00000000d6880000,0x00000000d6880000)
  from space 512K, 85% used [0x00000000d6a00000,0x00000000d6a6d200,0x00000000d6a80000)
  to   space 512K, 0% used [0x00000000d6980000,0x00000000d6980000,0x00000000d6a00000)
 ParOldGen       total 68608K, used 63178K [0x0000000080000000, 0x0000000084300000, 0x00000000d5580000)
  object space 68608K, 92% used [0x0000000080000000,0x0000000083db2808,0x0000000084300000)
 Metaspace       used 57655K, committed 59008K, reserved 1114112K
  class space    used 6251K, committed 6848K, reserved 1048576K
}
Event: 26.342 GC heap after
{Heap after GC invocations=49 (full 2):
 PSYoungGen      total 19968K, used 480K [0x00000000d5580000, 0x00000000d6a80000, 0x0000000100000000)
  eden space 19456K, 0% used [0x00000000d5580000,0x00000000d5580000,0x00000000d6880000)
  from space 512K, 93% used [0x00000000d6980000,0x00000000d69f8000,0x00000000d6a00000)
  to   space 512K, 0% used [0x00000000d6a00000,0x00000000d6a00000,0x00000000d6a80000)
 ParOldGen       total 68608K, used 63390K [0x0000000080000000, 0x0000000084300000, 0x00000000d5580000)
  object space 68608K, 92% used [0x0000000080000000,0x0000000083de7a08,0x0000000084300000)
 Metaspace       used 57655K, committed 59008K, reserved 1114112K
  class space    used 6251K, committed 6848K, reserved 1048576K
}
Event: 26.399 GC heap before
{Heap before GC invocations=50 (full 2):
 PSYoungGen      total 19968K, used 19936K [0x00000000d5580000, 0x00000000d6a80000, 0x0000000100000000)
  eden space 19456K, 100% used [0x00000000d5580000,0x00000000d6880000,0x00000000d6880000)
  from space 512K, 93% used [0x00000000d6980000,0x00000000d69f8000,0x00000000d6a00000)
  to   space 512K, 0% used [0x00000000d6a00000,0x00000000d6a00000,0x00000000d6a80000)
 ParOldGen       total 68608K, used 63390K [0x0000000080000000, 0x0000000084300000, 0x00000000d5580000)
  object space 68608K, 92% used [0x0000000080000000,0x0000000083de7a08,0x0000000084300000)
 Metaspace       used 57668K, committed 59008K, reserved 1114112K
  class space    used 6251K, committed 6848K, reserved 1048576K
}
Event: 26.401 GC heap after
{Heap after GC invocations=50 (full 2):
 PSYoungGen      total 19968K, used 448K [0x00000000d5580000, 0x00000000d6a80000, 0x0000000100000000)
  eden space 19456K, 0% used [0x00000000d5580000,0x00000000d5580000,0x00000000d6880000)
  from space 512K, 87% used [0x00000000d6a00000,0x00000000d6a70000,0x00000000d6a80000)
  to   space 512K, 0% used [0x00000000d6980000,0x00000000d6980000,0x00000000d6a00000)
 ParOldGen       total 68608K, used 63774K [0x0000000080000000, 0x0000000084300000, 0x00000000d5580000)
  object space 68608K, 92% used [0x0000000080000000,0x0000000083e47a08,0x0000000084300000)
 Metaspace       used 57668K, committed 59008K, reserved 1114112K
  class space    used 6251K, committed 6848K, reserved 1048576K
}
Event: 26.570 GC heap before
{Heap before GC invocations=51 (full 2):
 PSYoungGen      total 19968K, used 19904K [0x00000000d5580000, 0x00000000d6a80000, 0x0000000100000000)
  eden space 19456K, 100% used [0x00000000d5580000,0x00000000d6880000,0x00000000d6880000)
  from space 512K, 87% used [0x00000000d6a00000,0x00000000d6a70000,0x00000000d6a80000)
  to   space 512K, 0% used [0x00000000d6980000,0x00000000d6980000,0x00000000d6a00000)
 ParOldGen       total 68608K, used 63774K [0x0000000080000000, 0x0000000084300000, 0x00000000d5580000)
  object space 68608K, 92% used [0x0000000080000000,0x0000000083e47a08,0x0000000084300000)
 Metaspace       used 58450K, committed 59776K, reserved 1114112K
  class space    used 6345K, committed 6912K, reserved 1048576K
}
Event: 26.571 GC heap after
{Heap after GC invocations=51 (full 2):
 PSYoungGen      total 19968K, used 499K [0x00000000d5580000, 0x00000000d6a80000, 0x0000000100000000)
  eden space 19456K, 0% used [0x00000000d5580000,0x00000000d5580000,0x00000000d6880000)
  from space 512K, 97% used [0x00000000d6980000,0x00000000d69fce08,0x00000000d6a00000)
  to   space 512K, 0% used [0x00000000d6a00000,0x00000000d6a00000,0x00000000d6a80000)
 ParOldGen       total 68608K, used 64158K [0x0000000080000000, 0x0000000084300000, 0x00000000d5580000)
  object space 68608K, 93% used [0x0000000080000000,0x0000000083ea7a08,0x0000000084300000)
 Metaspace       used 58450K, committed 59776K, reserved 1114112K
  class space    used 6345K, committed 6912K, reserved 1048576K
}
Event: 26.576 GC heap before
{Heap before GC invocations=52 (full 2):
 PSYoungGen      total 19968K, used 895K [0x00000000d5580000, 0x00000000d6a80000, 0x0000000100000000)
  eden space 19456K, 2% used [0x00000000d5580000,0x00000000d55e3048,0x00000000d6880000)
  from space 512K, 97% used [0x00000000d6980000,0x00000000d69fce08,0x00000000d6a00000)
  to   space 512K, 0% used [0x00000000d6a00000,0x00000000d6a00000,0x00000000d6a80000)
 ParOldGen       total 68608K, used 64158K [0x0000000080000000, 0x0000000084300000, 0x00000000d5580000)
  object space 68608K, 93% used [0x0000000080000000,0x0000000083ea7a08,0x0000000084300000)
 Metaspace       used 58492K, committed 59776K, reserved 1114112K
  class space    used 6349K, committed 6912K, reserved 1048576K
}
Event: 26.577 GC heap after
{Heap after GC invocations=52 (full 2):
 PSYoungGen      total 19968K, used 128K [0x00000000d5580000, 0x00000000d6a80000, 0x0000000100000000)
  eden space 19456K, 0% used [0x00000000d5580000,0x00000000d5580000,0x00000000d6880000)
  from space 512K, 25% used [0x00000000d6a00000,0x00000000d6a20000,0x00000000d6a80000)
  to   space 512K, 0% used [0x00000000d6980000,0x00000000d6980000,0x00000000d6a00000)
 ParOldGen       total 68608K, used 64657K [0x0000000080000000, 0x0000000084300000, 0x00000000d5580000)
  object space 68608K, 94% used [0x0000000080000000,0x0000000083f24788,0x0000000084300000)
 Metaspace       used 58492K, committed 59776K, reserved 1114112K
  class space    used 6349K, committed 6912K, reserved 1048576K
}
Event: 26.577 GC heap before
{Heap before GC invocations=53 (full 3):
 PSYoungGen      total 19968K, used 128K [0x00000000d5580000, 0x00000000d6a80000, 0x0000000100000000)
  eden space 19456K, 0% used [0x00000000d5580000,0x00000000d5580000,0x00000000d6880000)
  from space 512K, 25% used [0x00000000d6a00000,0x00000000d6a20000,0x00000000d6a80000)
  to   space 512K, 0% used [0x00000000d6980000,0x00000000d6980000,0x00000000d6a00000)
 ParOldGen       total 68608K, used 64657K [0x0000000080000000, 0x0000000084300000, 0x00000000d5580000)
  object space 68608K, 94% used [0x0000000080000000,0x0000000083f24788,0x0000000084300000)
 Metaspace       used 58492K, committed 59776K, reserved 1114112K
  class space    used 6349K, committed 6912K, reserved 1048576K
}
Event: 26.668 GC heap after
{Heap after GC invocations=53 (full 3):
 PSYoungGen      total 19968K, used 0K [0x00000000d5580000, 0x00000000d6a80000, 0x0000000100000000)
  eden space 19456K, 0% used [0x00000000d5580000,0x00000000d5580000,0x00000000d6880000)
  from space 512K, 0% used [0x00000000d6a00000,0x00000000d6a00000,0x00000000d6a80000)
  to   space 512K, 0% used [0x00000000d6980000,0x00000000d6980000,0x00000000d6a00000)
 ParOldGen       total 68608K, used 51839K [0x0000000080000000, 0x0000000084300000, 0x00000000d5580000)
  object space 68608K, 75% used [0x0000000080000000,0x000000008329fe58,0x0000000084300000)
 Metaspace       used 58487K, committed 59776K, reserved 1114112K
  class space    used 6347K, committed 6912K, reserved 1048576K
}
Event: 27.060 GC heap before
{Heap before GC invocations=54 (full 3):
 PSYoungGen      total 19968K, used 19456K [0x00000000d5580000, 0x00000000d6a80000, 0x0000000100000000)
  eden space 19456K, 100% used [0x00000000d5580000,0x00000000d6880000,0x00000000d6880000)
  from space 512K, 0% used [0x00000000d6a00000,0x00000000d6a00000,0x00000000d6a80000)
  to   space 512K, 0% used [0x00000000d6980000,0x00000000d6980000,0x00000000d6a00000)
 ParOldGen       total 68608K, used 51839K [0x0000000080000000, 0x0000000084300000, 0x00000000d5580000)
  object space 68608K, 75% used [0x0000000080000000,0x000000008329fe58,0x0000000084300000)
 Metaspace       used 60222K, committed 61568K, reserved 1114112K
  class space    used 6548K, committed 7168K, reserved 1048576K
}
Event: 27.061 GC heap after
{Heap after GC invocations=54 (full 3):
 PSYoungGen      total 19968K, used 485K [0x00000000d5580000, 0x00000000d6a80000, 0x0000000100000000)
  eden space 19456K, 0% used [0x00000000d5580000,0x00000000d5580000,0x00000000d6880000)
  from space 512K, 94% used [0x00000000d6980000,0x00000000d69f97e0,0x00000000d6a00000)
  to   space 512K, 0% used [0x00000000d6a00000,0x00000000d6a00000,0x00000000d6a80000)
 ParOldGen       total 68608K, used 51925K [0x0000000080000000, 0x0000000084300000, 0x00000000d5580000)
  object space 68608K, 75% used [0x0000000080000000,0x00000000832b54d0,0x0000000084300000)
 Metaspace       used 60222K, committed 61568K, reserved 1114112K
  class space    used 6548K, committed 7168K, reserved 1048576K
}
Event: 27.455 GC heap before
{Heap before GC invocations=55 (full 3):
 PSYoungGen      total 19968K, used 19941K [0x00000000d5580000, 0x00000000d6a80000, 0x0000000100000000)
  eden space 19456K, 100% used [0x00000000d5580000,0x00000000d6880000,0x00000000d6880000)
  from space 512K, 94% used [0x00000000d6980000,0x00000000d69f97e0,0x00000000d6a00000)
  to   space 512K, 0% used [0x00000000d6a00000,0x00000000d6a00000,0x00000000d6a80000)
 ParOldGen       total 68608K, used 51925K [0x0000000080000000, 0x0000000084300000, 0x00000000d5580000)
  object space 68608K, 75% used [0x0000000080000000,0x00000000832b54d0,0x0000000084300000)
 Metaspace       used 61563K, committed 62976K, reserved 1114112K
  class space    used 6678K, committed 7296K, reserved 1048576K
}
Event: 27.456 GC heap after
{Heap after GC invocations=55 (full 3):
 PSYoungGen      total 19968K, used 480K [0x00000000d5580000, 0x00000000d6a80000, 0x0000000100000000)
  eden space 19456K, 0% used [0x00000000d5580000,0x00000000d5580000,0x00000000d6880000)
  from space 512K, 93% used [0x00000000d6a00000,0x00000000d6a78010,0x00000000d6a80000)
  to   space 1024K, 0% used [0x00000000d6880000,0x00000000d6880000,0x00000000d6980000)
 ParOldGen       total 68608K, used 52350K [0x0000000080000000, 0x0000000084300000, 0x00000000d5580000)
  object space 68608K, 76% used [0x0000000080000000,0x000000008331fbe8,0x0000000084300000)
 Metaspace       used 61563K, committed 62976K, reserved 1114112K
  class space    used 6678K, committed 7296K, reserved 1048576K
}
Event: 27.536 GC heap before
{Heap before GC invocations=56 (full 3):
 PSYoungGen      total 19968K, used 19936K [0x00000000d5580000, 0x00000000d6a80000, 0x0000000100000000)
  eden space 19456K, 100% used [0x00000000d5580000,0x00000000d6880000,0x00000000d6880000)
  from space 512K, 93% used [0x00000000d6a00000,0x00000000d6a78010,0x00000000d6a80000)
  to   space 1024K, 0% used [0x00000000d6880000,0x00000000d6880000,0x00000000d6980000)
 ParOldGen       total 68608K, used 52350K [0x0000000080000000, 0x0000000084300000, 0x00000000d5580000)
  object space 68608K, 76% used [0x0000000080000000,0x000000008331fbe8,0x0000000084300000)
 Metaspace       used 61850K, committed 63232K, reserved 1114112K
  class space    used 6696K, committed 7296K, reserved 1048576K
}
Event: 27.540 GC heap after
{Heap after GC invocations=56 (full 3):
 PSYoungGen      total 20480K, used 1009K [0x00000000d5580000, 0x00000000d6d80000, 0x0000000100000000)
  eden space 19456K, 0% used [0x00000000d5580000,0x00000000d5580000,0x00000000d6880000)
  from space 1024K, 98% used [0x00000000d6880000,0x00000000d697c6b8,0x00000000d6980000)
  to   space 2560K, 0% used [0x00000000d6b00000,0x00000000d6b00000,0x00000000d6d80000)
 ParOldGen       total 68608K, used 53235K [0x0000000080000000, 0x0000000084300000, 0x00000000d5580000)
  object space 68608K, 77% used [0x0000000080000000,0x00000000833fcd60,0x0000000084300000)
 Metaspace       used 61850K, committed 63232K, reserved 1114112K
  class space    used 6696K, committed 7296K, reserved 1048576K
}
Event: 27.618 GC heap before
{Heap before GC invocations=57 (full 3):
 PSYoungGen      total 20480K, used 20465K [0x00000000d5580000, 0x00000000d6d80000, 0x0000000100000000)
  eden space 19456K, 100% used [0x00000000d5580000,0x00000000d6880000,0x00000000d6880000)
  from space 1024K, 98% used [0x00000000d6880000,0x00000000d697c6b8,0x00000000d6980000)
  to   space 2560K, 0% used [0x00000000d6b00000,0x00000000d6b00000,0x00000000d6d80000)
 ParOldGen       total 68608K, used 53235K [0x0000000080000000, 0x0000000084300000, 0x00000000d5580000)
  object space 68608K, 77% used [0x0000000080000000,0x00000000833fcd60,0x0000000084300000)
 Metaspace       used 62340K, committed 63744K, reserved 1114112K
  class space    used 6736K, committed 7360K, reserved 1048576K
}
Event: 27.619 GC heap after
{Heap after GC invocations=57 (full 3):
 PSYoungGen      total 19968K, used 192K [0x00000000d5580000, 0x00000000d6b80000, 0x0000000100000000)
  eden space 19456K, 0% used [0x00000000d5580000,0x00000000d5580000,0x00000000d6880000)
  from space 512K, 37% used [0x00000000d6b00000,0x00000000d6b30000,0x00000000d6b80000)
  to   space 1024K, 0% used [0x00000000d6980000,0x00000000d6980000,0x00000000d6a80000)
 ParOldGen       total 68608K, used 53355K [0x0000000080000000, 0x0000000084300000, 0x00000000d5580000)
  object space 68608K, 77% used [0x0000000080000000,0x000000008341ad60,0x0000000084300000)
 Metaspace       used 62340K, committed 63744K, reserved 1114112K
  class space    used 6736K, committed 7360K, reserved 1048576K
}
Event: 28.098 GC heap before
{Heap before GC invocations=58 (full 3):
 PSYoungGen      total 19968K, used 19648K [0x00000000d5580000, 0x00000000d6b80000, 0x0000000100000000)
  eden space 19456K, 100% used [0x00000000d5580000,0x00000000d6880000,0x00000000d6880000)
  from space 512K, 37% used [0x00000000d6b00000,0x00000000d6b30000,0x00000000d6b80000)
  to   space 1024K, 0% used [0x00000000d6980000,0x00000000d6980000,0x00000000d6a80000)
 ParOldGen       total 68608K, used 53355K [0x0000000080000000, 0x0000000084300000, 0x00000000d5580000)
  object space 68608K, 77% used [0x0000000080000000,0x000000008341ad60,0x0000000084300000)
 Metaspace       used 64029K, committed 65408K, reserved 1114112K
  class space    used 6899K, committed 7488K, reserved 1048576K
}
Event: 28.100 GC heap after
{Heap after GC invocations=58 (full 3):
 PSYoungGen      total 20480K, used 1022K [0x00000000d5580000, 0x00000000d6b80000, 0x0000000100000000)
  eden space 19456K, 0% used [0x00000000d5580000,0x00000000d5580000,0x00000000d6880000)
  from space 1024K, 99% used [0x00000000d6980000,0x00000000d6a7f838,0x00000000d6a80000)
  to   space 1024K, 0% used [0x00000000d6a80000,0x00000000d6a80000,0x00000000d6b80000)
 ParOldGen       total 68608K, used 53403K [0x0000000080000000, 0x0000000084300000, 0x00000000d5580000)
  object space 68608K, 77% used [0x0000000080000000,0x0000000083426d60,0x0000000084300000)
 Metaspace       used 64029K, committed 65408K, reserved 1114112K
  class space    used 6899K, committed 7488K, reserved 1048576K
}

